
icetime topological timing analysis report
==========================================

Info: max_span_hack is enabled: estimate is conservative.

Report for critical path:
-------------------------

        lc40_11_5_4 (LogicCell40) [clk] -> lcout: 0.640 ns
     0.640 ns net_40701 (uart_out_data[2])
        odrv_11_5_40701_40848 (Odrv4) I -> O: 0.372 ns
        t7135 (LocalMux) I -> O: 0.330 ns
        inmux_11_8_45197_45253 (InMux) I -> O: 0.260 ns
        lc40_11_8_6 (LogicCell40) in0 -> lcout: 0.449 ns
     2.050 ns net_41072 ($abc$35997$n507)
        t7167 (LocalMux) I -> O: 0.330 ns
        inmux_12_7_49160_49185 (InMux) I -> O: 0.260 ns
        t1446 (CascadeMux) I -> O: 0.000 ns
        lc40_12_7_2 (LogicCell40) in2 -> carryout: 0.231 ns
     2.870 ns t1342
        lc40_12_7_3 (LogicCell40) carryin -> carryout: 0.126 ns
     2.997 ns t1343
        lc40_12_7_4 (LogicCell40) carryin -> carryout: 0.126 ns
     3.123 ns t1344
        lc40_12_7_5 (LogicCell40) carryin -> carryout: 0.126 ns
     3.249 ns t1345
        lc40_12_7_6 (LogicCell40) carryin -> carryout: 0.126 ns
     3.375 ns t1346
        lc40_12_7_7 (LogicCell40) carryin -> carryout: 0.126 ns
     3.502 ns net_49212 ($nextpnr_ICESTORM_LC_55$I3)
        t1347 (ICE_CARRY_IN_MUX) carryinitin -> carryinitout: 0.196 ns
        inmux_12_8_49256_49297 (InMux) I -> O: 0.260 ns
        lc40_12_8_0 (LogicCell40) in3 -> lcout: 0.316 ns
     4.273 ns net_45143 ($abc$35997$n5844)
        t7456 (LocalMux) I -> O: 0.330 ns
        inmux_11_8_45208_45230 (InMux) I -> O: 0.260 ns
        lc40_11_8_2 (LogicCell40) in1 -> lcout: 0.400 ns
     5.262 ns net_41068 ($abc$35997$n1616)
        odrv_11_8_41068_41213 (Odrv4) I -> O: 0.372 ns
        t7191 (Span4Mux_h4) I -> O: 0.316 ns
        t7190 (Span4Mux_v4) I -> O: 0.372 ns
        t7189 (LocalMux) I -> O: 0.330 ns
        inmux_7_10_29807_29858 (InMux) I -> O: 0.260 ns
        lc40_7_10_5 (LogicCell40) in0 -> lcout: 0.449 ns
     7.359 ns net_25682 ($abc$35997$n1615)
        t5110 (LocalMux) I -> O: 0.330 ns
        inmux_6_11_25846_25889 (InMux) I -> O: 0.260 ns
        lc40_6_11_2 (LogicCell40) in3 -> lcout: 0.316 ns
     8.264 ns net_21725 ($abc$35997$n2273)
        odrv_6_11_21725_25688 (Odrv12) I -> O: 0.540 ns
        t4637 (Sp12to4) I -> O: 0.449 ns
        t4636 (Span4Mux_h4) I -> O: 0.316 ns
        t4635 (LocalMux) I -> O: 0.330 ns
        inmux_4_17_18441_18496 (InMux) I -> O: 0.260 ns
        t464 (CascadeMux) I -> O: 0.000 ns
        lc40_4_17_6 (LogicCell40) in2 -> lcout: 0.379 ns
    10.536 ns net_14313 ($abc$35997$n2283_1)
        odrv_4_17_14313_14443 (Odrv4) I -> O: 0.372 ns
        t3717 (Span4Mux_v4) I -> O: 0.372 ns
        t3716 (Span4Mux_h4) I -> O: 0.316 ns
        t3715 (LocalMux) I -> O: 0.330 ns
        inmux_3_13_13867_13927 (InMux) I -> O: 0.260 ns
        t310 (CascadeMux) I -> O: 0.000 ns
        lc40_3_13_6 (LogicCell40) in2 -> lcout: 0.379 ns
    12.563 ns net_9744 ($abc$35997$n2433)
        t3104 (LocalMux) I -> O: 0.330 ns
        inmux_3_13_13878_13903 (InMux) I -> O: 0.260 ns
        t306 (CascadeMux) I -> O: 0.000 ns
    13.152 ns net_13903_cascademuxed
        lc40_3_13_2 (LogicCell40) in2 [setup]: 0.323 ns
    13.475 ns net_9740 (command_handler.current_char_addr[4])

Resolvable net names on path:
     0.640 ns ..  1.601 ns uart_out_data[2]
     2.050 ns ..  2.639 ns $abc$35997$n507
     3.502 ns ..  3.957 ns $nextpnr_ICESTORM_LC_55$I3
     4.273 ns ..  4.862 ns $abc$35997$n5844
     5.262 ns ..  6.910 ns $abc$35997$n1616
     7.359 ns ..  7.948 ns $abc$35997$n1615
     8.264 ns .. 10.157 ns $abc$35997$n2273
    10.536 ns .. 12.184 ns $abc$35997$n2283_1
    12.563 ns .. 13.152 ns $abc$35997$n2433
                  lcout -> command_handler.current_char_addr[4]

Total number of logic levels: 14
Total path delay: 13.47 ns (74.21 MHz)

